{ "msg_showcmd", "sl:1", "tick:726", false, { { 0, ":" } } }
{ "cmdline_show", "sl:1", "tick:727", "mode:c", { { 0, "" } } }
{ "cmdline_show", "sl:1", "tick:730", "mode:c", { { 0, "N" } } }
{ "cmdline_show", "sl:1", "tick:732", "mode:c", { { 0, "No" } } }
{ "cmdline_show", "sl:1", "tick:734", "mode:c", { { 0, "Noi" } } }
{ "cmdline_show", "sl:1", "tick:736", "mode:c", { { 0, "Noic" } } }
{ "cmdline_show", "sl:1", "tick:738", "mode:c", { { 0, "Noice" } } }
{ "cmdline_show", "sl:1", "tick:740", "mode:c", { { 0, "NoiceDebug" } } }
{ "cmdline_show", "sl:1", "tick:742", "mode:c", { { 0, "NoiceLog" } } }
{ "cmdline_show", "sl:1", "tick:744", "mode:c", { { 0, "NoiceAll" } } }
{ "cmdline_show", "sl:1", "tick:746", "mode:c", { { 0, "NoiceLast" } } }
{ "cmdline_show", "sl:1", "tick:748", "mode:c", { { 0, "NoiceStats" } } }
{ "cmdline_show", "sl:1", "tick:750", "mode:c", { { 0, "NoiceConfig" } } }
{ "cmdline_show", "sl:1", "tick:752", "mode:c", { { 0, "NoiceStats" } } }
{ "cmdline_hide", "sl:1", "tick:754", false, 1 }
{ "msg_showcmd", "sl:1", "tick:757", false, { { 0, ":" } } }
{ "cmdline_show", "sl:1", "tick:758", "mode:c", { { 0, "" } } }
{ "cmdline_show", "sl:1", "tick:761", "mode:c", { { 0, "N" } } }
{ "cmdline_show", "sl:1", "tick:763", "mode:c", { { 0, "No" } } }
{ "cmdline_show", "sl:1", "tick:765", "mode:c", { { 0, "Noi" } } }
{ "cmdline_show", "sl:1", "tick:767", "mode:c", { { 0, "Noic" } } }
{ "cmdline_show", "sl:1", "tick:769", "mode:c", { { 0, "Noice" } } }
{ "cmdline_show", "sl:1", "tick:771", "mode:c", { { 0, "NoiceStats" } } }
{ "cmdline_show", "sl:1", "tick:773", "mode:c", { { 0, "NoiceDebug" } } }
{ "cmdline_show", "sl:1", "tick:775", "mode:c", { { 0, "NoiceLog" } } }
{ "cmdline_show", "sl:1", "tick:777", "mode:c", { { 0, "NoiceAll" } } }
{ "cmdline_show", "sl:1", "tick:779", "mode:c", { { 0, "NoiceLast" } } }
{ "cmdline_show", "sl:1", "tick:781", "mode:c", { { 0, "NoiceConfig" } } }
{ "cmdline_hide", "sl:1", "tick:783", false, 1 }
{ "msg_showcmd", "sl:1", "tick:786", false, { { 0, ":" } } }
{ "cmdline_show", "sl:1", "tick:787", "mode:c", { { 0, "" } } }
{ "cmdline_show", "sl:1", "tick:790", "mode:c", { { 0, "N" } } }
{ "cmdline_show", "sl:1", "tick:792", "mode:c", { { 0, "No" } } }
{ "cmdline_show", "sl:1", "tick:794", "mode:c", { { 0, "Noi" } } }
{ "cmdline_show", "sl:1", "tick:796", "mode:c", { { 0, "Noic" } } }
{ "cmdline_show", "sl:1", "tick:798", "mode:c", { { 0, "Noice" } } }
{ "cmdline_show", "sl:1", "tick:800", "mode:c", { { 0, "NoiceConfig" } } }
{ "cmdline_show", "sl:1", "tick:802", "mode:c", { { 0, "NoiceStats" } } }
{ "cmdline_show", "sl:1", "tick:804", "mode:c", { { 0, "NoiceDebug" } } }
{ "cmdline_show", "sl:1", "tick:806", "mode:c", { { 0, "NoiceLog" } } }
{ "cmdline_show", "sl:1", "tick:808", "mode:c", { { 0, "NoiceAll" } } }
{ "cmdline_show", "sl:1", "tick:810", "mode:c", { { 0, "NoiceLast" } } }
{ "cmdline_show", "sl:1", "tick:812", "mode:c", { { 0, "NoiceEnable" } } }
{ "cmdline_show", "sl:1", "tick:814", "mode:c", { { 0, "NoiceErrors" } } }
{ "cmdline_show", "sl:1", "tick:816", "mode:c", { { 0, "NoiceRoutes" } } }
{ "cmdline_hide", "sl:1", "tick:818", false, 1 }
{ "msg_showcmd", "sl:1", "tick:821", false, { { 0, ":" } } }
{ "cmdline_show", "sl:1", "tick:822", "mode:c", { { 0, "" } } }
{ "cmdline_show", "sl:1", "tick:825", "mode:c", { { 0, "N" } } }
{ "cmdline_show", "sl:1", "tick:827", "mode:c", { { 0, "No" } } }
{ "cmdline_show", "sl:1", "tick:829", "mode:c", { { 0, "Noi" } } }
{ "cmdline_show", "sl:1", "tick:831", "mode:c", { { 0, "Noic" } } }
{ "cmdline_show", "sl:1", "tick:833", "mode:c", { { 0, "Noice" } } }
{ "cmdline_show", "sl:1", "tick:835", "mode:c", { { 0, "NoiceRoutes" } } }
{ "cmdline_show", "sl:1", "tick:837", "mode:c", { { 0, "NoiceConfig" } } }
{ "cmdline_show", "sl:1", "tick:839", "mode:c", { { 0, "NoiceStats" } } }
{ "cmdline_show", "sl:1", "tick:841", "mode:c", { { 0, "NoiceDebug" } } }
{ "cmdline_show", "sl:1", "tick:843", "mode:c", { { 0, "NoiceLog" } } }
{ "cmdline_show", "sl:1", "tick:845", "mode:c", { { 0, "NoiceAll" } } }
{ "cmdline_show", "sl:1", "tick:847", "mode:c", { { 0, "NoiceLast" } } }
{ "cmdline_show", "sl:1", "tick:849", "mode:c", { { 0, "NoiceEnable" } } }
{ "cmdline_show", "sl:1", "tick:851", "mode:c", { { 0, "NoiceErrors" } } }
{ "cmdline_show", "sl:1", "tick:853", "mode:c", { { 0, "NoiceDisable" } } }
{ "cmdline_show", "sl:1", "tick:855", "mode:c", { { 0, "NoiceDismiss" } } }
{ "cmdline_show", "sl:1", "tick:857", "mode:c", { { 0, "NoiceHistory" } } }
{ "cmdline_show", "sl:1", "tick:859", "mode:c", { { 0, "NoiceTelescope" } } }
{ "cmdline_hide", "sl:1", "tick:861", false, 1 }
{ "msg_showcmd", "sl:1", "tick:862", false, { { 0, "A" } } }
{ "msg_showmode", "sl:1", "tick:863", false, { { 168, "-- INSERT --" } } }
{ "msg_showmode", "sl:1", "tick:866", false, {} }
{ "msg_showcmd", "sl:1", "tick:867", false, { { 0, ":" } } }
{ "cmdline_show", "sl:1", "tick:868", "mode:c", { { 0, "" } } }
{ "cmdline_show", "sl:1", "tick:871", "mode:c", { { 0, "N" } } }
{ "cmdline_show", "sl:1", "tick:873", "mode:c", { { 0, "No" } } }
{ "cmdline_show", "sl:1", "tick:875", "mode:c", { { 0, "Noi" } } }
{ "cmdline_show", "sl:1", "tick:877", "mode:c", { { 0, "Noic" } } }
{ "cmdline_show", "sl:1", "tick:879", "mode:c", { { 0, "Noice" } } }
{ "cmdline_show", "sl:1", "tick:881", "mode:c", { { 0, "NoiceTelescope" } } }
{ "cmdline_show", "sl:1", "tick:883", "mode:c", { { 0, "NoiceRoutes" } } }
{ "cmdline_show", "sl:1", "tick:885", "mode:c", { { 0, "NoiceConfig" } } }
{ "cmdline_show", "sl:1", "tick:887", "mode:c", { { 0, "NoiceStats" } } }
{ "cmdline_show", "sl:1", "tick:889", "mode:c", { { 0, "NoiceDebug" } } }
{ "cmdline_hide", "sl:1", "tick:891", false, 1 }
